<?xml version="1.0" encoding="UTF-8"?>
<testng-results ignored="0" total="10" passed="10" failed="0" skipped="0">
  <reporter-output>
  </reporter-output>
  <suite started-at="2022-05-30T21:45:31 IST" name="Default suite" finished-at="2022-05-30T21:46:17 IST" duration-ms="46090">
    <groups>
    </groups>
    <test started-at="2022-05-30T21:45:31 IST" name="Default test" finished-at="2022-05-30T21:46:17 IST" duration-ms="46090">
      <class name="Com.TRSConsultancyServices.TRSskillfill.Services">
        <test-method is-config="true" signature="BrowserOpen()[pri:0, instance:Com.TRSConsultancyServices.TRSskillfill.Services@74fe5c40]" started-at="2022-05-30T21:44:16 IST" name="BrowserOpen" finished-at="2022-05-30T21:45:31 IST" duration-ms="75752" status="PASS">
          <reporter-output>
          </reporter-output>
        </test-method> <!-- BrowserOpen -->
        <test-method signature="content()[pri:0, instance:Com.TRSConsultancyServices.TRSskillfill.Services@74fe5c40]" started-at="2022-05-30T21:45:32 IST" name="content" finished-at="2022-05-30T21:45:33 IST" duration-ms="1045" status="PASS">
          <reporter-output>
          </reporter-output>
        </test-method> <!-- content -->
        <test-method signature="About()[pri:0, instance:Com.TRSConsultancyServices.TRSskillfill.Services@74fe5c40]" started-at="2022-05-30T21:45:33 IST" name="About" finished-at="2022-05-30T21:45:33 IST" duration-ms="425" status="PASS">
          <reporter-output>
          </reporter-output>
        </test-method> <!-- About -->
        <test-method signature="Homepage()[pri:0, instance:Com.TRSConsultancyServices.TRSskillfill.Services@74fe5c40]" started-at="2022-05-30T21:45:33 IST" name="Homepage" finished-at="2022-05-30T21:45:36 IST" duration-ms="2322" status="PASS">
          <reporter-output>
          </reporter-output>
        </test-method> <!-- Homepage -->
        <test-method signature="aboutus()[pri:0, instance:Com.TRSConsultancyServices.TRSskillfill.Services@74fe5c40]" started-at="2022-05-30T21:45:36 IST" name="aboutus" finished-at="2022-05-30T21:45:38 IST" duration-ms="2801" status="PASS">
          <reporter-output>
          </reporter-output>
        </test-method> <!-- aboutus -->
        <test-method signature="services()[pri:0, instance:Com.TRSConsultancyServices.TRSskillfill.Services@74fe5c40]" started-at="2022-05-30T21:45:38 IST" name="services" finished-at="2022-05-30T21:45:41 IST" duration-ms="2758" status="PASS">
          <reporter-output>
          </reporter-output>
        </test-method> <!-- services -->
        <test-method signature="uparrow()[pri:0, instance:Com.TRSConsultancyServices.TRSskillfill.Services@74fe5c40]" started-at="2022-05-30T21:45:41 IST" name="uparrow" finished-at="2022-05-30T21:45:42 IST" duration-ms="419" status="PASS">
          <reporter-output>
          </reporter-output>
        </test-method> <!-- uparrow -->
        <test-method signature="checknavigation()[pri:0, instance:Com.TRSConsultancyServices.TRSskillfill.Services@74fe5c40]" started-at="2022-05-30T21:45:42 IST" name="checknavigation" finished-at="2022-05-30T21:45:44 IST" duration-ms="2088" status="PASS">
          <reporter-output>
          </reporter-output>
        </test-method> <!-- checknavigation -->
        <test-method signature="findBrokenLinkes()[pri:0, instance:Com.TRSConsultancyServices.TRSskillfill.Services@74fe5c40]" started-at="2022-05-30T21:45:44 IST" name="findBrokenLinkes" finished-at="2022-05-30T21:46:11 IST" duration-ms="27712" status="PASS">
          <reporter-output>
          </reporter-output>
        </test-method> <!-- findBrokenLinkes -->
        <test-method signature="ser()[pri:0, instance:Com.TRSConsultancyServices.TRSskillfill.Services@74fe5c40]" started-at="2022-05-30T21:46:11 IST" name="ser" finished-at="2022-05-30T21:46:15 IST" duration-ms="3671" status="PASS">
          <reporter-output>
          </reporter-output>
        </test-method> <!-- ser -->
        <test-method signature="validateAbouturl()[pri:0, instance:Com.TRSConsultancyServices.TRSskillfill.Services@74fe5c40]" started-at="2022-05-30T21:46:15 IST" name="validateAbouturl" finished-at="2022-05-30T21:46:17 IST" duration-ms="2294" status="PASS">
          <reporter-output>
          </reporter-output>
        </test-method> <!-- validateAbouturl -->
        <test-method is-config="true" signature="closeBrowser()[pri:0, instance:Com.TRSConsultancyServices.TRSskillfill.Services@74fe5c40]" started-at="2022-05-30T21:46:18 IST" name="closeBrowser" finished-at="2022-05-30T21:46:19 IST" duration-ms="1499" status="PASS">
          <reporter-output>
          </reporter-output>
        </test-method> <!-- closeBrowser -->
      </class> <!-- Com.TRSConsultancyServices.TRSskillfill.Services -->
    </test> <!-- Default test -->
  </suite> <!-- Default suite -->
</testng-results>
