<?xml version="1.0" encoding="UTF-8"?>
<!-- Generated by org.testng.reporters.JUnitXMLReporter -->
<testsuite ignored="0" hostname="Lenovo" failures="0" tests="2" name="Default test" time="12.162" errors="0" timestamp="2022-05-29T09:25:27 IST">
  <testcase classname="Com.TRSConsultancyServices.TRSskillfill.HeaderLinks" name="checknavigation" time="2.75"/>
  <testcase classname="Com.TRSConsultancyServices.TRSskillfill.HomeSection" name="findBrokenLinkes" time="9.219"/>
</testsuite> <!-- Default test -->
