<?xml version="1.0" encoding="UTF-8"?>
<!-- Generated by org.testng.reporters.JUnitXMLReporter -->
<testsuite ignored="0" hostname="DESKTOP-3J4ONC8" failures="0" tests="10" name="Default test" time="46.09" errors="0" timestamp="2022-05-30T21:46:18 IST">
  <testcase classname="Com.TRSConsultancyServices.TRSskillfill.AboutDetails" name="content" time="1.045"/>
  <testcase classname="Com.TRSConsultancyServices.TRSskillfill.AboutSectionContent" name="About" time="0.425"/>
  <testcase classname="Com.TRSConsultancyServices.TRSskillfill.Footer_part" name="Homepage" time="2.322"/>
  <testcase classname="Com.TRSConsultancyServices.TRSskillfill.Footer_part" name="aboutus" time="2.801"/>
  <testcase classname="Com.TRSConsultancyServices.TRSskillfill.Footer_part" name="services" time="2.758"/>
  <testcase classname="Com.TRSConsultancyServices.TRSskillfill.Footer_part" name="uparrow" time="0.419"/>
  <testcase classname="Com.TRSConsultancyServices.TRSskillfill.HeaderLinks" name="checknavigation" time="2.088"/>
  <testcase classname="Com.TRSConsultancyServices.TRSskillfill.HomeSection" name="findBrokenLinkes" time="27.712"/>
  <testcase classname="Com.TRSConsultancyServices.TRSskillfill.Services" name="ser" time="3.671"/>
  <testcase classname="Com.TRSConsultancyServices.TRSskillfill.TRSaboutsection" name="validateAbouturl" time="2.294"/>
</testsuite> <!-- Default test -->
